# JRE version: OpenJDK Runtime Environment (8.0_152-b01) (build 1.8.0_152-release-1024-b01)
# Java VM: OpenJDK 64-Bit Server VM (25.152-b01 mixed mode linux-amd64 compressed oops)
Heap:
 PSYoungGen      total 309248K, used 37858K [0x00000000e0000000, 0x00000000f5300000, 0x0000000100000000)
  eden space 271360K, 0% used [0x00000000e0000000,0x00000000e0000000,0x00000000f0900000)
  from space 37888K, 99% used [0x00000000f0900000,0x00000000f2df8ad8,0x00000000f2e00000)
  to   space 34816K, 0% used [0x00000000f3100000,0x00000000f3100000,0x00000000f5300000)
 ParOldGen       total 126976K, used 83379K [0x00000000a0000000, 0x00000000a7c00000, 0x00000000e0000000)
  object space 126976K, 65% used [0x00000000a0000000,0x00000000a516ce00,0x00000000a7c00000)
 Metaspace       used 83896K, capacity 86922K, committed 88064K, reserved 1126400K
  class space    used 10709K, capacity 11306K, committed 11520K, reserved 1048576K
GC Heap History (10 events):
Event: 2545,381 GC heap after
Heap after GC invocations=20 (full 3):
 PSYoungGen      total 222720K, used 14348K [0x00000000e0000000, 0x00000000f1480000, 0x0000000100000000)
  eden space 186880K, 0% used [0x00000000e0000000,0x00000000e0000000,0x00000000eb680000)
  from space 35840K, 40% used [0x00000000eb680000,0x00000000ec4832a0,0x00000000ed980000)
  to   space 33792K, 0% used [0x00000000ef380000,0x00000000ef380000,0x00000000f1480000)
 ParOldGen       total 91136K, used 67838K [0x00000000a0000000, 0x00000000a5900000, 0x00000000e0000000)
  object space 91136K, 74% used [0x00000000a0000000,0x00000000a423f8e0,0x00000000a5900000)
 Metaspace       used 81357K, capacity 84568K, committed 84864K, reserved 1122304K
  class space    used 10602K, capacity 11289K, committed 11392K, reserved 1048576K
}
Event: 6809,014 GC heap before
{Heap before GC invocations=21 (full 3):
 PSYoungGen      total 222720K, used 201228K [0x00000000e0000000, 0x00000000f1480000, 0x0000000100000000)
  eden space 186880K, 100% used [0x00000000e0000000,0x00000000eb680000,0x00000000eb680000)
  from space 35840K, 40% used [0x00000000eb680000,0x00000000ec4832a0,0x00000000ed980000)
  to   space 33792K, 0% used [0x00000000ef380000,0x00000000ef380000,0x00000000f1480000)
 ParOldGen       total 91136K, used 67838K [0x00000000a0000000, 0x00000000a5900000, 0x00000000e0000000)
  object space 91136K, 74% used [0x00000000a0000000,0x00000000a423f8e0,0x00000000a5900000)
 Metaspace       used 82513K, capacity 85834K, committed 85888K, reserved 1124352K
  class space    used 10690K, capacity 11366K, committed 11392K, reserved 1048576K
Event: 6809,213 GC heap after
Heap after GC invocations=21 (full 3):
 PSYoungGen      total 237056K, used 15238K [0x00000000e0000000, 0x00000000f0d00000, 0x0000000100000000)
  eden space 210944K, 0% used [0x00000000e0000000,0x00000000e0000000,0x00000000ece00000)
  from space 26112K, 58% used [0x00000000ef380000,0x00000000f02618a8,0x00000000f0d00000)
  to   space 32256K, 0% used [0x00000000ece00000,0x00000000ece00000,0x00000000eed80000)
 ParOldGen       total 91136K, used 67846K [0x00000000a0000000, 0x00000000a5900000, 0x00000000e0000000)
  object space 91136K, 74% used [0x00000000a0000000,0x00000000a42418e0,0x00000000a5900000)
 Metaspace       used 82513K, capacity 85834K, committed 85888K, reserved 1124352K
  class space    used 10690K, capacity 11366K, committed 11392K, reserved 1048576K
}
Event: 6817,112 GC heap before
{Heap before GC invocations=22 (full 3):
 PSYoungGen      total 237056K, used 226182K [0x00000000e0000000, 0x00000000f0d00000, 0x0000000100000000)
  eden space 210944K, 100% used [0x00000000e0000000,0x00000000ece00000,0x00000000ece00000)
  from space 26112K, 58% used [0x00000000ef380000,0x00000000f02618a8,0x00000000f0d00000)
  to   space 32256K, 0% used [0x00000000ece00000,0x00000000ece00000,0x00000000eed80000)
 ParOldGen       total 91136K, used 67846K [0x00000000a0000000, 0x00000000a5900000, 0x00000000e0000000)
  object space 91136K, 74% used [0x00000000a0000000,0x00000000a42418e0,0x00000000a5900000)
 Metaspace       used 82950K, capacity 86302K, committed 86528K, reserved 1124352K
  class space    used 10732K, capacity 11410K, committed 11520K, reserved 1048576K
Event: 6819,634 GC heap after
Heap after GC invocations=22 (full 3):
 PSYoungGen      total 243200K, used 32228K [0x00000000e0000000, 0x00000000f5680000, 0x0000000100000000)
  eden space 210944K, 0% used [0x00000000e0000000,0x00000000e0000000,0x00000000ece00000)
  from space 32256K, 99% used [0x00000000ece00000,0x00000000eed79118,0x00000000eed80000)
  to   space 38400K, 0% used [0x00000000f3100000,0x00000000f3100000,0x00000000f5680000)
 ParOldGen       total 91136K, used 70611K [0x00000000a0000000, 0x00000000a5900000, 0x00000000e0000000)
  object space 91136K, 77% used [0x00000000a0000000,0x00000000a44f4d98,0x00000000a5900000)
 Metaspace       used 82950K, capacity 86302K, committed 86528K, reserved 1124352K
  class space    used 10732K, capacity 11410K, committed 11520K, reserved 1048576K
}
Event: 6826,967 GC heap before
{Heap before GC invocations=23 (full 3):
 PSYoungGen      total 243200K, used 243169K [0x00000000e0000000, 0x00000000f5680000, 0x0000000100000000)
  eden space 210944K, 99% used [0x00000000e0000000,0x00000000ecdff4c0,0x00000000ece00000)
  from space 32256K, 99% used [0x00000000ece00000,0x00000000eed79118,0x00000000eed80000)
  to   space 38400K, 0% used [0x00000000f3100000,0x00000000f3100000,0x00000000f5680000)
 ParOldGen       total 91136K, used 70611K [0x00000000a0000000, 0x00000000a5900000, 0x00000000e0000000)
  object space 91136K, 77% used [0x00000000a0000000,0x00000000a44f4d98,0x00000000a5900000)
 Metaspace       used 84273K, capacity 87720K, committed 87808K, reserved 1126400K
  class space    used 10821K, capacity 11515K, committed 11520K, reserved 1048576K
Event: 6827,169 GC heap after
Heap after GC invocations=23 (full 3):
 PSYoungGen      total 306176K, used 21321K [0x00000000e0000000, 0x00000000f5300000, 0x0000000100000000)
  eden space 271360K, 0% used [0x00000000e0000000,0x00000000e0000000,0x00000000f0900000)
  from space 34816K, 61% used [0x00000000f3100000,0x00000000f45d25d8,0x00000000f5300000)
  to   space 37888K, 0% used [0x00000000f0900000,0x00000000f0900000,0x00000000f2e00000)
 ParOldGen       total 91136K, used 81381K [0x00000000a0000000, 0x00000000a5900000, 0x00000000e0000000)
  object space 91136K, 89% used [0x00000000a0000000,0x00000000a4f796e0,0x00000000a5900000)
 Metaspace       used 84273K, capacity 87720K, committed 87808K, reserved 1126400K
  class space    used 10821K, capacity 11515K, committed 11520K, reserved 1048576K
}
Event: 6827,169 GC heap before
{Heap before GC invocations=24 (full 4):
 PSYoungGen      total 306176K, used 21321K [0x00000000e0000000, 0x00000000f5300000, 0x0000000100000000)
  eden space 271360K, 0% used [0x00000000e0000000,0x00000000e0000000,0x00000000f0900000)
  from space 34816K, 61% used [0x00000000f3100000,0x00000000f45d25d8,0x00000000f5300000)
  to   space 37888K, 0% used [0x00000000f0900000,0x00000000f0900000,0x00000000f2e00000)
 ParOldGen       total 91136K, used 81381K [0x00000000a0000000, 0x00000000a5900000, 0x00000000e0000000)
  object space 91136K, 89% used [0x00000000a0000000,0x00000000a4f796e0,0x00000000a5900000)
 Metaspace       used 84273K, capacity 87720K, committed 87808K, reserved 1126400K
  class space    used 10821K, capacity 11515K, committed 11520K, reserved 1048576K
Event: 6832,271 GC heap after
Heap after GC invocations=24 (full 4):
 PSYoungGen      total 306176K, used 0K [0x00000000e0000000, 0x00000000f5300000, 0x0000000100000000)
  eden space 271360K, 0% used [0x00000000e0000000,0x00000000e0000000,0x00000000f0900000)
  from space 34816K, 0% used [0x00000000f3100000,0x00000000f3100000,0x00000000f5300000)
  to   space 37888K, 0% used [0x00000000f0900000,0x00000000f0900000,0x00000000f2e00000)
 ParOldGen       total 126976K, used 62866K [0x00000000a0000000, 0x00000000a7c00000, 0x00000000e0000000)
  object space 126976K, 49% used [0x00000000a0000000,0x00000000a3d648f8,0x00000000a7c00000)
 Metaspace       used 83549K, capacity 86530K, committed 87808K, reserved 1126400K
  class space    used 10703K, capacity 11298K, committed 11520K, reserved 1048576K
}
Event: 6841,367 GC heap before
{Heap before GC invocations=25 (full 4):
 PSYoungGen      total 306176K, used 271262K [0x00000000e0000000, 0x00000000f5300000, 0x0000000100000000)
  eden space 271360K, 99% used [0x00000000e0000000,0x00000000f08e7bd8,0x00000000f0900000)
  from space 34816K, 0% used [0x00000000f3100000,0x00000000f3100000,0x00000000f5300000)
  to   space 37888K, 0% used [0x00000000f0900000,0x00000000f0900000,0x00000000f2e00000)
 ParOldGen       total 126976K, used 62866K [0x00000000a0000000, 0x00000000a7c00000, 0x00000000e0000000)
  object space 126976K, 49% used [0x00000000a0000000,0x00000000a3d648f8,0x00000000a7c00000)
 Metaspace       used 83896K, capacity 86922K, committed 88064K, reserved 1126400K
  class space    used 10709K, capacity 11306K, committed 11520K, reserved 1048576K

